# JRE version: OpenJDK Runtime Environment (11.0.8+10) (build 11.0.8+10-b944.6842174)
# Java VM: OpenJDK 64-Bit Server VM (11.0.8+10-b944.6842174, mixed mode, tiered, compressed oops, g1 gc, windows-amd64)
Heap:
 garbage-first heap   total 253952K, used 171121K [0x0000000080000000, 0x0000000100000000)
  region size 1024K, 37 young (37888K), 3 survivors (3072K)
 Metaspace       used 122429K, capacity 126106K, committed 126292K, reserved 1159168K
  class space    used 15238K, capacity 16582K, committed 16640K, reserved 1048576K
GC Heap History (20 events):
Event: 97.263 GC heap before
{Heap before GC invocations=17 (full 0):
 garbage-first heap   total 253952K, used 195409K [0x0000000080000000, 0x0000000100000000)
  region size 1024K, 98 young (100352K), 10 survivors (10240K)
 Metaspace       used 106059K, capacity 109517K, committed 109780K, reserved 1144832K
  class space    used 13601K, capacity 14881K, committed 14976K, reserved 1048576K
}
Event: 97.354 GC heap after
{Heap after GC invocations=18 (full 0):
 garbage-first heap   total 253952K, used 109599K [0x0000000080000000, 0x0000000100000000)
  region size 1024K, 9 young (9216K), 9 survivors (9216K)
 Metaspace       used 106059K, capacity 109517K, committed 109780K, reserved 1144832K
  class space    used 13601K, capacity 14881K, committed 14976K, reserved 1048576K
}
Event: 99.307 GC heap before
{Heap before GC invocations=18 (full 0):
 garbage-first heap   total 253952K, used 198687K [0x0000000080000000, 0x0000000100000000)
  region size 1024K, 97 young (99328K), 9 survivors (9216K)
 Metaspace       used 108909K, capacity 112544K, committed 112724K, reserved 1146880K
  class space    used 13961K, capacity 15284K, committed 15360K, reserved 1048576K
}
Event: 99.319 GC heap after
{Heap after GC invocations=19 (full 0):
 garbage-first heap   total 253952K, used 117413K [0x0000000080000000, 0x0000000100000000)
  region size 1024K, 13 young (13312K), 13 survivors (13312K)
 Metaspace       used 108909K, capacity 112544K, committed 112724K, reserved 1146880K
  class space    used 13961K, capacity 15284K, committed 15360K, reserved 1048576K
}
Event: 100.477 GC heap before
{Heap before GC invocations=19 (full 0):
 garbage-first heap   total 253952K, used 205477K [0x0000000080000000, 0x0000000100000000)
  region size 1024K, 97 young (99328K), 13 survivors (13312K)
 Metaspace       used 109347K, capacity 112944K, committed 113236K, reserved 1146880K
  class space    used 13962K, capacity 15286K, committed 15360K, reserved 1048576K
}
Event: 100.499 GC heap after
{Heap after GC invocations=20 (full 0):
 garbage-first heap   total 253952K, used 133120K [0x0000000080000000, 0x0000000100000000)
  region size 1024K, 13 young (13312K), 13 survivors (13312K)
 Metaspace       used 109347K, capacity 112944K, committed 113236K, reserved 1146880K
  class space    used 13962K, capacity 15286K, committed 15360K, reserved 1048576K
}
Event: 101.034 GC heap before
{Heap before GC invocations=20 (full 0):
 garbage-first heap   total 253952K, used 184320K [0x0000000080000000, 0x0000000100000000)
  region size 1024K, 64 young (65536K), 13 survivors (13312K)
 Metaspace       used 110314K, capacity 113977K, committed 114132K, reserved 1148928K
  class space    used 14043K, capacity 15374K, committed 15488K, reserved 1048576K
}
Event: 101.101 GC heap after
{Heap after GC invocations=21 (full 0):
 garbage-first heap   total 253952K, used 141914K [0x0000000080000000, 0x0000000100000000)
  region size 1024K, 8 young (8192K), 8 survivors (8192K)
 Metaspace       used 110314K, capacity 113977K, committed 114132K, reserved 1148928K
  class space    used 14043K, capacity 15374K, committed 15488K, reserved 1048576K
}
Event: 102.087 GC heap before
{Heap before GC invocations=22 (full 0):
 garbage-first heap   total 253952K, used 196186K [0x0000000080000000, 0x0000000100000000)
  region size 1024K, 54 young (55296K), 8 survivors (8192K)
 Metaspace       used 112498K, capacity 116076K, committed 116692K, reserved 1150976K
  class space    used 14210K, capacity 15492K, committed 15744K, reserved 1048576K
}
Event: 102.107 GC heap after
{Heap after GC invocations=23 (full 0):
 garbage-first heap   total 253952K, used 153899K [0x0000000080000000, 0x0000000100000000)
  region size 1024K, 8 young (8192K), 8 survivors (8192K)
 Metaspace       used 112498K, capacity 116076K, committed 116692K, reserved 1150976K
  class space    used 14210K, capacity 15492K, committed 15744K, reserved 1048576K
}
Event: 102.592 GC heap before
{Heap before GC invocations=24 (full 0):
 garbage-first heap   total 253952K, used 220459K [0x0000000080000000, 0x0000000100000000)
  region size 1024K, 57 young (58368K), 8 survivors (8192K)
 Metaspace       used 115426K, capacity 118990K, committed 119380K, reserved 1153024K
  class space    used 14449K, capacity 15728K, committed 15872K, reserved 1048576K
}
Event: 102.606 GC heap after
{Heap after GC invocations=25 (full 0):
 garbage-first heap   total 253952K, used 159548K [0x0000000080000000, 0x0000000100000000)
  region size 1024K, 7 young (7168K), 7 survivors (7168K)
 Metaspace       used 115426K, capacity 118990K, committed 119380K, reserved 1153024K
  class space    used 14449K, capacity 15728K, committed 15872K, reserved 1048576K
}
Event: 102.780 GC heap before
{Heap before GC invocations=25 (full 0):
 garbage-first heap   total 253952K, used 207676K [0x0000000080000000, 0x0000000100000000)
  region size 1024K, 54 young (55296K), 7 survivors (7168K)
 Metaspace       used 116333K, capacity 119886K, committed 120276K, reserved 1153024K
  class space    used 14507K, capacity 15792K, committed 16000K, reserved 1048576K
}
Event: 102.808 GC heap after
{Heap after GC invocations=26 (full 0):
 garbage-first heap   total 253952K, used 167098K [0x0000000080000000, 0x0000000100000000)
  region size 1024K, 7 young (7168K), 7 survivors (7168K)
 Metaspace       used 116333K, capacity 119886K, committed 120276K, reserved 1153024K
  class space    used 14507K, capacity 15792K, committed 16000K, reserved 1048576K
}
Event: 103.214 GC heap before
{Heap before GC invocations=27 (full 0):
 garbage-first heap   total 253952K, used 203962K [0x0000000080000000, 0x0000000100000000)
  region size 1024K, 48 young (49152K), 7 survivors (7168K)
 Metaspace       used 117038K, capacity 120564K, committed 121044K, reserved 1155072K
  class space    used 14549K, capacity 15825K, committed 16000K, reserved 1048576K
}
Event: 103.220 GC heap after
{Heap after GC invocations=28 (full 0):
 garbage-first heap   total 253952K, used 145143K [0x0000000080000000, 0x0000000100000000)
  region size 1024K, 1 young (1024K), 1 survivors (1024K)
 Metaspace       used 117038K, capacity 120564K, committed 121044K, reserved 1155072K
  class space    used 14549K, capacity 15825K, committed 16000K, reserved 1048576K
}
Event: 103.374 GC heap before
{Heap before GC invocations=28 (full 0):
 garbage-first heap   total 253952K, used 159479K [0x0000000080000000, 0x0000000100000000)
  region size 1024K, 12 young (12288K), 1 survivors (1024K)
 Metaspace       used 117361K, capacity 120879K, committed 121300K, reserved 1155072K
  class space    used 14579K, capacity 15859K, committed 16000K, reserved 1048576K
}
Event: 103.377 GC heap after
{Heap after GC invocations=29 (full 0):
 garbage-first heap   total 253952K, used 136773K [0x0000000080000000, 0x0000000100000000)
  region size 1024K, 1 young (1024K), 1 survivors (1024K)
 Metaspace       used 117361K, capacity 120879K, committed 121300K, reserved 1155072K
  class space    used 14579K, capacity 15859K, committed 16000K, reserved 1048576K
}
Event: 104.102 GC heap before
{Heap before GC invocations=29 (full 0):
 garbage-first heap   total 253952K, used 196165K [0x0000000080000000, 0x0000000100000000)
  region size 1024K, 60 young (61440K), 1 survivors (1024K)
 Metaspace       used 120807K, capacity 124398K, committed 124884K, reserved 1157120K
  class space    used 15017K, capacity 16330K, committed 16512K, reserved 1048576K
}
Event: 104.107 GC heap after
{Heap after GC invocations=30 (full 0):
 garbage-first heap   total 253952K, used 138353K [0x0000000080000000, 0x0000000100000000)
  region size 1024K, 3 young (3072K), 3 survivors (3072K)
 Metaspace       used 120807K, capacity 124398K, committed 124884K, reserved 1157120K
  class space    used 15017K, capacity 16330K, committed 16512K, reserved 1048576K
}

