# JRE version: OpenJDK Runtime Environment (11.0.8+10) (build 11.0.8+10-b944.6842174)
# Java VM: OpenJDK 64-Bit Server VM (11.0.8+10-b944.6842174, mixed mode, tiered, compressed oops, g1 gc, windows-amd64)
Heap:
 garbage-first heap   total 253952K, used 123632K [0x0000000080000000, 0x0000000100000000)
  region size 1024K, 40 young (40960K), 14 survivors (14336K)
 Metaspace       used 91110K, capacity 93942K, committed 94204K, reserved 1130496K
  class space    used 11980K, capacity 13081K, committed 13184K, reserved 1048576K
GC Heap History (20 events):
Event: 5.117 GC heap before
{Heap before GC invocations=4 (full 0):
 garbage-first heap   total 253952K, used 83199K [0x0000000080000000, 0x0000000100000000)
  region size 1024K, 68 young (69632K), 3 survivors (3072K)
 Metaspace       used 34954K, capacity 35677K, committed 35708K, reserved 1081344K
  class space    used 4540K, capacity 4849K, committed 4864K, reserved 1048576K
}
Event: 5.124 GC heap after
{Heap after GC invocations=5 (full 0):
 garbage-first heap   total 253952K, used 21938K [0x0000000080000000, 0x0000000100000000)
  region size 1024K, 6 young (6144K), 6 survivors (6144K)
 Metaspace       used 34954K, capacity 35677K, committed 35708K, reserved 1081344K
  class space    used 4540K, capacity 4849K, committed 4864K, reserved 1048576K
}
Event: 6.547 GC heap before
{Heap before GC invocations=6 (full 0):
 garbage-first heap   total 253952K, used 139698K [0x0000000080000000, 0x0000000100000000)
  region size 1024K, 118 young (120832K), 6 survivors (6144K)
 Metaspace       used 44429K, capacity 45468K, committed 45692K, reserved 1089536K
  class space    used 5688K, capacity 6083K, committed 6144K, reserved 1048576K
}
Event: 6.555 GC heap after
{Heap after GC invocations=7 (full 0):
 garbage-first heap   total 253952K, used 27891K [0x0000000080000000, 0x0000000100000000)
  region size 1024K, 12 young (12288K), 12 survivors (12288K)
 Metaspace       used 44429K, capacity 45468K, committed 45692K, reserved 1089536K
  class space    used 5688K, capacity 6083K, committed 6144K, reserved 1048576K
}
Event: 8.058 GC heap before
{Heap before GC invocations=7 (full 0):
 garbage-first heap   total 253952K, used 170227K [0x0000000080000000, 0x0000000100000000)
  region size 1024K, 148 young (151552K), 12 survivors (12288K)
 Metaspace       used 57512K, capacity 59058K, committed 59260K, reserved 1101824K
  class space    used 7317K, capacity 7837K, committed 7936K, reserved 1048576K
}
Event: 8.074 GC heap after
{Heap after GC invocations=8 (full 0):
 garbage-first heap   total 253952K, used 43366K [0x0000000080000000, 0x0000000100000000)
  region size 1024K, 19 young (19456K), 19 survivors (19456K)
 Metaspace       used 57512K, capacity 59058K, committed 59260K, reserved 1101824K
  class space    used 7317K, capacity 7837K, committed 7936K, reserved 1048576K
}
Event: 8.162 GC heap before
{Heap before GC invocations=8 (full 0):
 garbage-first heap   total 253952K, used 50534K [0x0000000080000000, 0x0000000100000000)
  region size 1024K, 27 young (27648K), 19 survivors (19456K)
 Metaspace       used 58294K, capacity 59796K, committed 59900K, reserved 1101824K
  class space    used 7409K, capacity 7975K, committed 8064K, reserved 1048576K
}
Event: 8.177 GC heap after
{Heap after GC invocations=9 (full 0):
 garbage-first heap   total 253952K, used 46554K [0x0000000080000000, 0x0000000100000000)
  region size 1024K, 3 young (3072K), 3 survivors (3072K)
 Metaspace       used 58294K, capacity 59796K, committed 59900K, reserved 1101824K
  class space    used 7409K, capacity 7975K, committed 8064K, reserved 1048576K
}
Event: 9.110 GC heap before
{Heap before GC invocations=10 (full 0):
 garbage-first heap   total 253952K, used 131546K [0x0000000080000000, 0x0000000100000000)
  region size 1024K, 86 young (88064K), 3 survivors (3072K)
 Metaspace       used 63226K, capacity 64863K, committed 65020K, reserved 1105920K
  class space    used 8109K, capacity 8746K, committed 8832K, reserved 1048576K
}
Event: 9.117 GC heap after
{Heap after GC invocations=11 (full 0):
 garbage-first heap   total 253952K, used 52787K [0x0000000080000000, 0x0000000100000000)
  region size 1024K, 9 young (9216K), 9 survivors (9216K)
 Metaspace       used 63226K, capacity 64863K, committed 65020K, reserved 1105920K
  class space    used 8109K, capacity 8746K, committed 8832K, reserved 1048576K
}
Event: 10.201 GC heap before
{Heap before GC invocations=11 (full 0):
 garbage-first heap   total 253952K, used 142899K [0x0000000080000000, 0x0000000100000000)
  region size 1024K, 97 young (99328K), 9 survivors (9216K)
 Metaspace       used 70195K, capacity 72321K, committed 72444K, reserved 1112064K
  class space    used 9276K, capacity 10060K, committed 10112K, reserved 1048576K
}
Event: 10.211 GC heap after
{Heap after GC invocations=12 (full 0):
 garbage-first heap   total 253952K, used 59584K [0x0000000080000000, 0x0000000100000000)
  region size 1024K, 7 young (7168K), 7 survivors (7168K)
 Metaspace       used 70195K, capacity 72321K, committed 72444K, reserved 1112064K
  class space    used 9276K, capacity 10060K, committed 10112K, reserved 1048576K
}
Event: 11.562 GC heap before
{Heap before GC invocations=12 (full 0):
 garbage-first heap   total 253952K, used 152768K [0x0000000080000000, 0x0000000100000000)
  region size 1024K, 99 young (101376K), 7 survivors (7168K)
 Metaspace       used 77958K, capacity 80417K, committed 80764K, reserved 1118208K
  class space    used 10291K, capacity 11160K, committed 11264K, reserved 1048576K
}
Event: 11.571 GC heap after
{Heap after GC invocations=13 (full 0):
 garbage-first heap   total 253952K, used 66182K [0x0000000080000000, 0x0000000100000000)
  region size 1024K, 13 young (13312K), 13 survivors (13312K)
 Metaspace       used 77958K, capacity 80417K, committed 80764K, reserved 1118208K
  class space    used 10291K, capacity 11160K, committed 11264K, reserved 1048576K
}
Event: 12.699 GC heap before
{Heap before GC invocations=13 (full 0):
 garbage-first heap   total 253952K, used 163462K [0x0000000080000000, 0x0000000100000000)
  region size 1024K, 108 young (110592K), 13 survivors (13312K)
 Metaspace       used 82032K, capacity 84517K, committed 84860K, reserved 1122304K
  class space    used 10777K, capacity 11687K, committed 11776K, reserved 1048576K
}
Event: 12.712 GC heap after
{Heap after GC invocations=14 (full 0):
 garbage-first heap   total 253952K, used 72368K [0x0000000080000000, 0x0000000100000000)
  region size 1024K, 13 young (13312K), 13 survivors (13312K)
 Metaspace       used 82032K, capacity 84517K, committed 84860K, reserved 1122304K
  class space    used 10777K, capacity 11687K, committed 11776K, reserved 1048576K
}
Event: 14.067 GC heap before
{Heap before GC invocations=14 (full 0):
 garbage-first heap   total 253952K, used 170672K [0x0000000080000000, 0x0000000100000000)
  region size 1024K, 110 young (112640K), 13 survivors (13312K)
 Metaspace       used 85979K, capacity 88626K, committed 88828K, reserved 1126400K
  class space    used 11283K, capacity 12305K, committed 12416K, reserved 1048576K
}
Event: 14.080 GC heap after
{Heap after GC invocations=15 (full 0):
 garbage-first heap   total 253952K, used 80394K [0x0000000080000000, 0x0000000100000000)
  region size 1024K, 14 young (14336K), 14 survivors (14336K)
 Metaspace       used 85979K, capacity 88626K, committed 88828K, reserved 1126400K
  class space    used 11283K, capacity 12305K, committed 12416K, reserved 1048576K
}
Event: 14.685 GC heap before
{Heap before GC invocations=15 (full 0):
 garbage-first heap   total 253952K, used 178698K [0x0000000080000000, 0x0000000100000000)
  region size 1024K, 111 young (113664K), 14 survivors (14336K)
 Metaspace       used 90471K, capacity 93321K, committed 93564K, reserved 1130496K
  class space    used 11896K, capacity 12984K, committed 13056K, reserved 1048576K
}
Event: 14.708 GC heap after
{Heap after GC invocations=16 (full 0):
 garbage-first heap   total 253952K, used 98032K [0x0000000080000000, 0x0000000100000000)
  region size 1024K, 14 young (14336K), 14 survivors (14336K)
 Metaspace       used 90471K, capacity 93321K, committed 93564K, reserved 1130496K
  class space    used 11896K, capacity 12984K, committed 13056K, reserved 1048576K
}

